Var. ident.algo1
Numero entero 50
Var. ident.kg
Num. real1.3
Var. ident.kg
Var. ident.algo2
Numero entero 100
Var. ident.kg
Num. real1.2
Var. ident.kg
Var. ident.algo3
Numero entero 200
Var. ident.kg
Num. real1.1
Var. ident.kg
Var. ident.algo4
Numero entero 120
Var. ident.kg
Num. real1.8
Var. ident.kg
Var. ident.algo5
Numero entero 120
Var. ident.kg
Num. real1.9
Var. ident.kg
Var. ident.algo6
Numero entero 20
Var. ident.kg
Num. real0.32
Var. ident.kg
Var. ident.algo7
Numero entero 40
Var. ident.kg
Num. real1.34
Var. ident.kg
Var. ident.algo8
Numero entero 40
Var. ident.kg
Num. real2.35
Var. ident.kg
Var. ident.algo9
Numero entero 50
Var. ident.kg
Num. real4.45
Var. ident.kg
Var. ident.algo10
Numero entero 32
Var. ident.kg
Num. real5.67
Var. ident.kg
Var. ident.algo11
Numero entero 28
Var. ident.kg
Num. real1.81
Var. ident.kg
Var. ident.algo12
Numero entero 50
Var. ident.kg
Num. real0.73
Var. ident.kg
Var. ident.algo13
Numero entero 20
Var. ident.kg
Num. real4.53
Var. ident.kg
Var. ident.algo14
Numero entero 28
Var. ident.kg
Num. real1.21
Var. ident.kg
Var. ident.algo15
Numero entero 39
Var. ident.kg
Num. real5.23
Var. ident.kg
Numero de Enteros15, reales15, ident45, 		Suma de Enteros 937